{"/Users/nicpeterson/repos/members-only-js/models/user.js": {"path":"/Users/nicpeterson/repos/members-only-js/models/user.js","statementMap":{"0":{"start":{"line":1,"column":0},"end":{"line":1,"column":27}},"1":{"start":{"line":2,"column":19},"end":{"line":2,"column":32}},"2":{"start":{"line":4,"column":13},"end":{"line":91,"column":1}},"3":{"start":{"line":6,"column":19},"end":{"line":8,"column":6}},"4":{"start":{"line":10,"column":4},"end":{"line":10,"column":27}},"5":{"start":{"line":13,"column":6},"end":{"line":13,"column":105}},"6":{"start":{"line":14,"column":19},"end":{"line":19,"column":6}},"7":{"start":{"line":21,"column":4},"end":{"line":21,"column":23}},"8":{"start":{"line":23,"column":4},"end":{"line":23,"column":26}},"9":{"start":{"line":27,"column":19},"end":{"line":29,"column":6}},"10":{"start":{"line":31,"column":4},"end":{"line":31,"column":27}},"11":{"start":{"line":33,"column":18},"end":{"line":33,"column":59}},"12":{"start":{"line":34,"column":19},"end":{"line":34,"column":56}},"13":{"start":{"line":36,"column":4},"end":{"line":36,"column":23}},"14":{"start":{"line":38,"column":4},"end":{"line":38,"column":34}},"15":{"start":{"line":42,"column":19},"end":{"line":44,"column":6}},"16":{"start":{"line":46,"column":4},"end":{"line":46,"column":27}},"17":{"start":{"line":48,"column":18},"end":{"line":48,"column":53}},"18":{"start":{"line":49,"column":19},"end":{"line":49,"column":50}},"19":{"start":{"line":51,"column":4},"end":{"line":51,"column":23}},"20":{"start":{"line":53,"column":4},"end":{"line":53,"column":34}},"21":{"start":{"line":57,"column":17},"end":{"line":57,"column":52}},"22":{"start":{"line":58,"column":4},"end":{"line":58,"column":26}},"23":{"start":{"line":62,"column":19},"end":{"line":64,"column":6}},"24":{"start":{"line":66,"column":4},"end":{"line":66,"column":27}},"25":{"start":{"line":68,"column":18},"end":{"line":68,"column":71}},"26":{"start":{"line":69,"column":4},"end":{"line":69,"column":52}},"27":{"start":{"line":71,"column":4},"end":{"line":71,"column":23}},"28":{"start":{"line":75,"column":17},"end":{"line":75,"column":52}},"29":{"start":{"line":76,"column":4},"end":{"line":76,"column":25}},"30":{"start":{"line":80,"column":19},"end":{"line":82,"column":6}},"31":{"start":{"line":84,"column":4},"end":{"line":84,"column":27}},"32":{"start":{"line":86,"column":18},"end":{"line":86,"column":70}},"33":{"start":{"line":87,"column":4},"end":{"line":87,"column":51}},"34":{"start":{"line":89,"column":4},"end":{"line":89,"column":23}},"35":{"start":{"line":93,"column":0},"end":{"line":93,"column":22}}},"fnMap":{"0":{"name":"(anonymous_0)","decl":{"start":{"line":5,"column":10},"end":{"line":5,"column":11}},"loc":{"start":{"line":5,"column":61},"end":{"line":24,"column":3}},"line":5},"1":{"name":"(anonymous_1)","decl":{"start":{"line":26,"column":18},"end":{"line":26,"column":19}},"loc":{"start":{"line":26,"column":38},"end":{"line":39,"column":3}},"line":26},"2":{"name":"(anonymous_2)","decl":{"start":{"line":41,"column":12},"end":{"line":41,"column":13}},"loc":{"start":{"line":41,"column":26},"end":{"line":54,"column":3}},"line":41},"3":{"name":"(anonymous_3)","decl":{"start":{"line":56,"column":12},"end":{"line":56,"column":13}},"loc":{"start":{"line":56,"column":32},"end":{"line":59,"column":3}},"line":56},"4":{"name":"(anonymous_4)","decl":{"start":{"line":61,"column":23},"end":{"line":61,"column":24}},"loc":{"start":{"line":61,"column":53},"end":{"line":72,"column":3}},"line":61},"5":{"name":"(anonymous_5)","decl":{"start":{"line":74,"column":11},"end":{"line":74,"column":12}},"loc":{"start":{"line":74,"column":31},"end":{"line":77,"column":3}},"line":74},"6":{"name":"(anonymous_6)","decl":{"start":{"line":79,"column":18},"end":{"line":79,"column":19}},"loc":{"start":{"line":79,"column":47},"end":{"line":90,"column":3}},"line":79}},"branchMap":{"0":{"loc":{"start":{"line":38,"column":11},"end":{"line":38,"column":33}},"type":"binary-expr","locations":[{"start":{"line":38,"column":11},"end":{"line":38,"column":25}},{"start":{"line":38,"column":29},"end":{"line":38,"column":33}}],"line":38},"1":{"loc":{"start":{"line":53,"column":11},"end":{"line":53,"column":33}},"type":"binary-expr","locations":[{"start":{"line":53,"column":11},"end":{"line":53,"column":25}},{"start":{"line":53,"column":29},"end":{"line":53,"column":33}}],"line":53}},"s":{"0":1,"1":1,"2":1,"3":2,"4":2,"5":2,"6":2,"7":1,"8":1,"9":7,"10":7,"11":7,"12":7,"13":6,"14":6,"15":2,"16":2,"17":2,"18":2,"19":2,"20":2,"21":3,"22":2,"23":1,"24":1,"25":1,"26":1,"27":1,"28":2,"29":2,"30":1,"31":1,"32":1,"33":1,"34":1,"35":1},"f":{"0":2,"1":7,"2":2,"3":3,"4":1,"5":2,"6":1},"b":{"0":[6,1],"1":[2,1]},"_coverageSchema":"1a1c01bbd47fc00a2c39e90264f33305004495a9","hash":"8e9127d9136684fcd7d1b1791cb777c1dca37f16"}
}
