TN:
SF:models/message.js
FN:5,(anonymous_0)
FN:20,(anonymous_1)
FN:34,(anonymous_2)
FN:48,(anonymous_3)
FN:62,(anonymous_4)
FNF:5
FNH:5
FNDA:1,(anonymous_0)
FNDA:4,(anonymous_1)
FNDA:3,(anonymous_2)
FNDA:3,(anonymous_3)
FNDA:3,(anonymous_4)
DA:1,1
DA:2,1
DA:4,1
DA:6,1
DA:10,1
DA:13,1
DA:14,1
DA:16,1
DA:18,1
DA:21,4
DA:25,4
DA:27,4
DA:28,4
DA:30,3
DA:32,3
DA:35,3
DA:39,3
DA:41,3
DA:42,3
DA:44,2
DA:46,2
DA:49,3
DA:53,3
DA:55,3
DA:56,3
DA:58,2
DA:60,2
DA:63,3
DA:67,3
DA:69,3
DA:70,3
DA:72,3
DA:74,3
DA:78,1
LF:34
LH:34
BRDA:32,0,0,3
BRDA:32,0,1,1
BRDA:46,1,0,2
BRDA:46,1,1,1
BRDA:60,2,0,2
BRDA:60,2,1,1
BRDA:74,3,0,3
BRDA:74,3,1,1
BRF:8
BRH:8
end_of_record
TN:
SF:models/user.js
FN:5,(anonymous_0)
FN:26,(anonymous_1)
FN:41,(anonymous_2)
FN:56,(anonymous_3)
FN:61,(anonymous_4)
FN:74,(anonymous_5)
FN:79,(anonymous_6)
FNF:7
FNH:7
FNDA:2,(anonymous_0)
FNDA:7,(anonymous_1)
FNDA:2,(anonymous_2)
FNDA:3,(anonymous_3)
FNDA:1,(anonymous_4)
FNDA:2,(anonymous_5)
FNDA:1,(anonymous_6)
DA:1,1
DA:2,1
DA:4,1
DA:6,2
DA:10,2
DA:13,2
DA:14,2
DA:21,1
DA:23,1
DA:27,7
DA:31,7
DA:33,7
DA:34,7
DA:36,6
DA:38,6
DA:42,2
DA:46,2
DA:48,2
DA:49,2
DA:51,2
DA:53,2
DA:57,3
DA:58,2
DA:62,1
DA:66,1
DA:68,1
DA:69,1
DA:71,1
DA:75,2
DA:76,2
DA:80,1
DA:84,1
DA:86,1
DA:87,1
DA:89,1
DA:93,1
LF:36
LH:36
BRDA:38,0,0,6
BRDA:38,0,1,1
BRDA:53,1,0,2
BRDA:53,1,1,1
BRF:4
BRH:4
end_of_record
