TN:
SF:models/user.js
FN:5,(anonymous_0)
FN:26,(anonymous_1)
FN:41,(anonymous_2)
FN:56,(anonymous_3)
FN:61,(anonymous_4)
FN:74,(anonymous_5)
FN:79,(anonymous_6)
FNF:7
FNH:7
FNDA:2,(anonymous_0)
FNDA:7,(anonymous_1)
FNDA:2,(anonymous_2)
FNDA:3,(anonymous_3)
FNDA:1,(anonymous_4)
FNDA:2,(anonymous_5)
FNDA:1,(anonymous_6)
DA:1,1
DA:2,1
DA:4,1
DA:6,2
DA:10,2
DA:13,2
DA:14,2
DA:21,1
DA:23,1
DA:27,7
DA:31,7
DA:33,7
DA:34,7
DA:36,6
DA:38,6
DA:42,2
DA:46,2
DA:48,2
DA:49,2
DA:51,2
DA:53,2
DA:57,3
DA:58,2
DA:62,1
DA:66,1
DA:68,1
DA:69,1
DA:71,1
DA:75,2
DA:76,2
DA:80,1
DA:84,1
DA:86,1
DA:87,1
DA:89,1
DA:93,1
LF:36
LH:36
BRDA:38,0,0,6
BRDA:38,0,1,1
BRDA:53,1,0,2
BRDA:53,1,1,1
BRF:4
BRH:4
end_of_record
